{"/workspaces/echomirror-sdk/extensions/chrome/src/background.ts": {"path":"/workspaces/echomirror-sdk/extensions/chrome/src/background.ts","all":false,"statementMap":{"0":{"start":{"line":1,"column":0},"end":{"line":1,"column":67}},"1":{"start":{"line":2,"column":0},"end":{"line":2,"column":0}},"2":{"start":{"line":3,"column":0},"end":{"line":3,"column":22}},"3":{"start":{"line":4,"column":0},"end":{"line":4,"column":19}},"4":{"start":{"line":5,"column":0},"end":{"line":5,"column":17}},"5":{"start":{"line":6,"column":0},"end":{"line":6,"column":16}},"6":{"start":{"line":7,"column":0},"end":{"line":7,"column":19}},"7":{"start":{"line":8,"column":0},"end":{"line":8,"column":1}},"8":{"start":{"line":9,"column":0},"end":{"line":9,"column":0}},"9":{"start":{"line":10,"column":0},"end":{"line":10,"column":19}},"10":{"start":{"line":11,"column":0},"end":{"line":11,"column":63}},"11":{"start":{"line":12,"column":0},"end":{"line":12,"column":26}},"12":{"start":{"line":13,"column":0},"end":{"line":13,"column":61}},"13":{"start":{"line":14,"column":0},"end":{"line":14,"column":0}},"14":{"start":{"line":15,"column":0},"end":{"line":15,"column":40}},"15":{"start":{"line":16,"column":0},"end":{"line":16,"column":62}},"16":{"start":{"line":17,"column":0},"end":{"line":17,"column":0}},"17":{"start":{"line":18,"column":0},"end":{"line":18,"column":59}},"18":{"start":{"line":19,"column":0},"end":{"line":19,"column":67}},"19":{"start":{"line":20,"column":0},"end":{"line":20,"column":16}},"20":{"start":{"line":21,"column":0},"end":{"line":21,"column":66}},"21":{"start":{"line":22,"column":0},"end":{"line":22,"column":13}},"22":{"start":{"line":23,"column":0},"end":{"line":23,"column":54}},"23":{"start":{"line":24,"column":0},"end":{"line":24,"column":1}},"24":{"start":{"line":25,"column":0},"end":{"line":25,"column":0}},"25":{"start":{"line":26,"column":0},"end":{"line":26,"column":69}},"26":{"start":{"line":27,"column":0},"end":{"line":27,"column":32}},"27":{"start":{"line":28,"column":0},"end":{"line":28,"column":21}},"28":{"start":{"line":29,"column":0},"end":{"line":29,"column":31}},"29":{"start":{"line":30,"column":0},"end":{"line":30,"column":23}},"30":{"start":{"line":31,"column":0},"end":{"line":31,"column":3}},"31":{"start":{"line":32,"column":0},"end":{"line":32,"column":19}},"32":{"start":{"line":33,"column":0},"end":{"line":33,"column":1}},"33":{"start":{"line":34,"column":0},"end":{"line":34,"column":0}},"34":{"start":{"line":35,"column":0},"end":{"line":35,"column":76}},"35":{"start":{"line":36,"column":0},"end":{"line":36,"column":30}},"36":{"start":{"line":37,"column":0},"end":{"line":37,"column":25}},"37":{"start":{"line":38,"column":0},"end":{"line":38,"column":51}},"38":{"start":{"line":39,"column":0},"end":{"line":39,"column":39}},"39":{"start":{"line":40,"column":0},"end":{"line":40,"column":43}},"40":{"start":{"line":41,"column":0},"end":{"line":41,"column":35}},"41":{"start":{"line":42,"column":0},"end":{"line":42,"column":0}},"42":{"start":{"line":43,"column":0},"end":{"line":43,"column":7}},"43":{"start":{"line":44,"column":0},"end":{"line":44,"column":28}},"44":{"start":{"line":45,"column":0},"end":{"line":45,"column":90}},"45":{"start":{"line":46,"column":0},"end":{"line":46,"column":5}},"46":{"start":{"line":47,"column":0},"end":{"line":47,"column":23}},"47":{"start":{"line":48,"column":0},"end":{"line":48,"column":0}},"48":{"start":{"line":49,"column":0},"end":{"line":49,"column":33}},"49":{"start":{"line":50,"column":0},"end":{"line":50,"column":97}},"50":{"start":{"line":51,"column":0},"end":{"line":51,"column":35}},"51":{"start":{"line":52,"column":0},"end":{"line":52,"column":0}},"52":{"start":{"line":53,"column":0},"end":{"line":53,"column":35}},"53":{"start":{"line":54,"column":0},"end":{"line":54,"column":66}},"54":{"start":{"line":55,"column":0},"end":{"line":55,"column":29}},"55":{"start":{"line":56,"column":0},"end":{"line":56,"column":28}},"56":{"start":{"line":57,"column":0},"end":{"line":57,"column":45}},"57":{"start":{"line":58,"column":0},"end":{"line":58,"column":0}},"58":{"start":{"line":59,"column":0},"end":{"line":59,"column":61}},"59":{"start":{"line":60,"column":0},"end":{"line":60,"column":22}},"60":{"start":{"line":61,"column":0},"end":{"line":61,"column":36}},"61":{"start":{"line":62,"column":0},"end":{"line":62,"column":49}},"62":{"start":{"line":63,"column":0},"end":{"line":63,"column":115}},"63":{"start":{"line":64,"column":0},"end":{"line":64,"column":20}},"64":{"start":{"line":65,"column":0},"end":{"line":65,"column":8}},"65":{"start":{"line":66,"column":0},"end":{"line":66,"column":5}},"66":{"start":{"line":67,"column":0},"end":{"line":67,"column":11}},"67":{"start":{"line":68,"column":0},"end":{"line":68,"column":76}},"68":{"start":{"line":69,"column":0},"end":{"line":69,"column":3}},"69":{"start":{"line":70,"column":0},"end":{"line":70,"column":1}},"70":{"start":{"line":71,"column":0},"end":{"line":71,"column":0}},"71":{"start":{"line":72,"column":0},"end":{"line":72,"column":57}},"72":{"start":{"line":73,"column":0},"end":{"line":73,"column":43}},"73":{"start":{"line":74,"column":0},"end":{"line":74,"column":67}},"74":{"start":{"line":75,"column":0},"end":{"line":75,"column":8}},"75":{"start":{"line":76,"column":0},"end":{"line":76,"column":39}},"76":{"start":{"line":77,"column":0},"end":{"line":77,"column":46}},"77":{"start":{"line":78,"column":0},"end":{"line":78,"column":41}},"78":{"start":{"line":79,"column":0},"end":{"line":79,"column":7}},"79":{"start":{"line":80,"column":0},"end":{"line":80,"column":55}},"80":{"start":{"line":81,"column":0},"end":{"line":81,"column":47}},"81":{"start":{"line":82,"column":0},"end":{"line":82,"column":20}},"82":{"start":{"line":83,"column":0},"end":{"line":83,"column":5}},"83":{"start":{"line":84,"column":0},"end":{"line":84,"column":4}},"84":{"start":{"line":85,"column":0},"end":{"line":85,"column":1}},"85":{"start":{"line":86,"column":0},"end":{"line":86,"column":0}},"86":{"start":{"line":87,"column":0},"end":{"line":87,"column":25}}},"s":{"0":1,"1":1,"2":1,"3":1,"4":1,"5":1,"6":1,"7":1,"8":1,"9":1,"10":1,"11":1,"12":1,"13":1,"14":1,"15":1,"16":1,"17":1,"18":1,"19":3,"20":3,"21":3,"22":3,"23":3,"24":1,"25":1,"26":1,"27":7,"28":3,"29":3,"30":3,"31":7,"32":7,"33":1,"34":1,"35":5,"36":5,"37":4,"38":4,"39":3,"40":1,"41":5,"42":5,"43":5,"44":5,"45":5,"46":3,"47":3,"48":3,"49":3,"50":5,"51":5,"52":5,"53":1,"54":1,"55":1,"56":1,"57":1,"58":1,"59":1,"60":1,"61":1,"62":1,"63":1,"64":1,"65":1,"66":5,"67":1,"68":1,"69":5,"70":1,"71":1,"72":1,"73":3,"74":2,"75":2,"76":1,"77":1,"78":2,"79":1,"80":1,"81":1,"82":1,"83":3,"84":3,"85":1,"86":1},"branchMap":{"0":{"type":"branch","line":19,"loc":{"start":{"line":19,"column":7},"end":{"line":24,"column":1}},"locations":[{"start":{"line":19,"column":7},"end":{"line":24,"column":1}}]},"1":{"type":"branch","line":27,"loc":{"start":{"line":27,"column":7},"end":{"line":33,"column":1}},"locations":[{"start":{"line":27,"column":7},"end":{"line":33,"column":1}}]},"2":{"type":"branch","line":28,"loc":{"start":{"line":28,"column":20},"end":{"line":31,"column":3}},"locations":[{"start":{"line":28,"column":20},"end":{"line":31,"column":3}}]},"3":{"type":"branch","line":36,"loc":{"start":{"line":36,"column":0},"end":{"line":70,"column":1}},"locations":[{"start":{"line":36,"column":0},"end":{"line":70,"column":1}}]},"4":{"type":"branch","line":37,"loc":{"start":{"line":37,"column":19},"end":{"line":37,"column":25}},"locations":[{"start":{"line":37,"column":19},"end":{"line":37,"column":25}}]},"5":{"type":"branch","line":37,"loc":{"start":{"line":37,"column":19},"end":{"line":39,"column":39}},"locations":[{"start":{"line":37,"column":19},"end":{"line":39,"column":39}}]},"6":{"type":"branch","line":39,"loc":{"start":{"line":39,"column":30},"end":{"line":40,"column":43}},"locations":[{"start":{"line":39,"column":30},"end":{"line":40,"column":43}}]},"7":{"type":"branch","line":40,"loc":{"start":{"line":40,"column":6},"end":{"line":41,"column":35}},"locations":[{"start":{"line":40,"column":6},"end":{"line":41,"column":35}}]},"8":{"type":"branch","line":46,"loc":{"start":{"line":46,"column":4},"end":{"line":47,"column":23}},"locations":[{"start":{"line":46,"column":4},"end":{"line":47,"column":23}}]},"9":{"type":"branch","line":47,"loc":{"start":{"line":47,"column":17},"end":{"line":47,"column":23}},"locations":[{"start":{"line":47,"column":17},"end":{"line":47,"column":23}}]},"10":{"type":"branch","line":47,"loc":{"start":{"line":47,"column":17},"end":{"line":51,"column":33}},"locations":[{"start":{"line":47,"column":17},"end":{"line":51,"column":33}}]},"11":{"type":"branch","line":51,"loc":{"start":{"line":51,"column":22},"end":{"line":51,"column":35}},"locations":[{"start":{"line":51,"column":22},"end":{"line":51,"column":35}}]},"12":{"type":"branch","line":53,"loc":{"start":{"line":53,"column":34},"end":{"line":66,"column":5}},"locations":[{"start":{"line":53,"column":34},"end":{"line":66,"column":5}}]},"13":{"type":"branch","line":55,"loc":{"start":{"line":55,"column":23},"end":{"line":55,"column":29}},"locations":[{"start":{"line":55,"column":23},"end":{"line":55,"column":29}}]},"14":{"type":"branch","line":63,"loc":{"start":{"line":63,"column":105},"end":{"line":63,"column":112}},"locations":[{"start":{"line":63,"column":105},"end":{"line":63,"column":112}}]},"15":{"type":"branch","line":66,"loc":{"start":{"line":66,"column":4},"end":{"line":67,"column":10}},"locations":[{"start":{"line":66,"column":4},"end":{"line":67,"column":10}}]},"16":{"type":"branch","line":67,"loc":{"start":{"line":67,"column":2},"end":{"line":69,"column":3}},"locations":[{"start":{"line":67,"column":2},"end":{"line":69,"column":3}}]},"17":{"type":"branch","line":73,"loc":{"start":{"line":73,"column":7},"end":{"line":85,"column":1}},"locations":[{"start":{"line":73,"column":7},"end":{"line":85,"column":1}}]},"18":{"type":"branch","line":74,"loc":{"start":{"line":74,"column":39},"end":{"line":84,"column":3}},"locations":[{"start":{"line":74,"column":39},"end":{"line":84,"column":3}}]},"19":{"type":"branch","line":76,"loc":{"start":{"line":76,"column":23},"end":{"line":77,"column":46}},"locations":[{"start":{"line":76,"column":23},"end":{"line":77,"column":46}}]},"20":{"type":"branch","line":77,"loc":{"start":{"line":77,"column":35},"end":{"line":78,"column":41}},"locations":[{"start":{"line":77,"column":35},"end":{"line":78,"column":41}}]},"21":{"type":"branch","line":79,"loc":{"start":{"line":79,"column":6},"end":{"line":83,"column":5}},"locations":[{"start":{"line":79,"column":6},"end":{"line":83,"column":5}}]}},"b":{"0":[3],"1":[7],"2":[3],"3":[5],"4":[1],"5":[4],"6":[3],"7":[1],"8":[3],"9":[0],"10":[3],"11":[0],"12":[1],"13":[0],"14":[0],"15":[3],"16":[1],"17":[3],"18":[2],"19":[1],"20":[1],"21":[1]},"fnMap":{"0":{"name":"startWatching","decl":{"start":{"line":19,"column":7},"end":{"line":24,"column":1}},"loc":{"start":{"line":19,"column":7},"end":{"line":24,"column":1}},"line":19},"1":{"name":"stopWatching","decl":{"start":{"line":27,"column":7},"end":{"line":33,"column":1}},"loc":{"start":{"line":27,"column":7},"end":{"line":33,"column":1}},"line":27},"2":{"name":"poll","decl":{"start":{"line":36,"column":0},"end":{"line":70,"column":1}},"loc":{"start":{"line":36,"column":0},"end":{"line":70,"column":1}},"line":36},"3":{"name":"registerMessageListener","decl":{"start":{"line":73,"column":7},"end":{"line":85,"column":1}},"loc":{"start":{"line":73,"column":7},"end":{"line":85,"column":1}},"line":73}},"f":{"0":3,"1":7,"2":5,"3":3}}
,"/workspaces/echomirror-sdk/extensions/chrome/src/popup.ts": {"path":"/workspaces/echomirror-sdk/extensions/chrome/src/popup.ts","all":false,"statementMap":{"0":{"start":{"line":1,"column":0},"end":{"line":1,"column":42}},"1":{"start":{"line":2,"column":0},"end":{"line":2,"column":0}},"2":{"start":{"line":3,"column":0},"end":{"line":3,"column":30}},"3":{"start":{"line":4,"column":0},"end":{"line":4,"column":20}},"4":{"start":{"line":5,"column":0},"end":{"line":5,"column":18}},"5":{"start":{"line":6,"column":0},"end":{"line":6,"column":17}},"6":{"start":{"line":7,"column":0},"end":{"line":7,"column":53}},"7":{"start":{"line":8,"column":0},"end":{"line":8,"column":1}},"8":{"start":{"line":9,"column":0},"end":{"line":9,"column":0}},"9":{"start":{"line":10,"column":0},"end":{"line":10,"column":52}},"10":{"start":{"line":11,"column":0},"end":{"line":11,"column":35}},"11":{"start":{"line":12,"column":0},"end":{"line":12,"column":76}},"12":{"start":{"line":13,"column":0},"end":{"line":13,"column":4}},"13":{"start":{"line":14,"column":0},"end":{"line":14,"column":1}},"14":{"start":{"line":15,"column":0},"end":{"line":15,"column":0}},"15":{"start":{"line":16,"column":0},"end":{"line":16,"column":71}},"16":{"start":{"line":17,"column":0},"end":{"line":17,"column":74}},"17":{"start":{"line":18,"column":0},"end":{"line":18,"column":1}},"18":{"start":{"line":19,"column":0},"end":{"line":19,"column":0}},"19":{"start":{"line":20,"column":0},"end":{"line":20,"column":67}},"20":{"start":{"line":21,"column":0},"end":{"line":21,"column":61}},"21":{"start":{"line":22,"column":0},"end":{"line":22,"column":1}},"22":{"start":{"line":23,"column":0},"end":{"line":23,"column":0}},"23":{"start":{"line":24,"column":0},"end":{"line":24,"column":72}},"24":{"start":{"line":25,"column":0},"end":{"line":25,"column":39}},"25":{"start":{"line":26,"column":0},"end":{"line":26,"column":43}},"26":{"start":{"line":27,"column":0},"end":{"line":27,"column":35}},"27":{"start":{"line":28,"column":0},"end":{"line":28,"column":0}},"28":{"start":{"line":29,"column":0},"end":{"line":29,"column":61}},"29":{"start":{"line":30,"column":0},"end":{"line":30,"column":26}},"30":{"start":{"line":31,"column":0},"end":{"line":31,"column":31}},"31":{"start":{"line":32,"column":0},"end":{"line":32,"column":118}},"32":{"start":{"line":33,"column":0},"end":{"line":33,"column":118}},"33":{"start":{"line":34,"column":0},"end":{"line":34,"column":38}},"34":{"start":{"line":35,"column":0},"end":{"line":35,"column":1}},"35":{"start":{"line":36,"column":0},"end":{"line":36,"column":0}},"36":{"start":{"line":37,"column":0},"end":{"line":37,"column":93}},"37":{"start":{"line":38,"column":0},"end":{"line":38,"column":41}},"38":{"start":{"line":39,"column":0},"end":{"line":39,"column":27}},"39":{"start":{"line":40,"column":0},"end":{"line":40,"column":0}},"40":{"start":{"line":41,"column":0},"end":{"line":41,"column":83}},"41":{"start":{"line":42,"column":0},"end":{"line":42,"column":86}},"42":{"start":{"line":43,"column":0},"end":{"line":43,"column":83}},"43":{"start":{"line":44,"column":0},"end":{"line":44,"column":85}},"44":{"start":{"line":45,"column":0},"end":{"line":45,"column":83}},"45":{"start":{"line":46,"column":0},"end":{"line":46,"column":79}},"46":{"start":{"line":47,"column":0},"end":{"line":47,"column":83}},"47":{"start":{"line":48,"column":0},"end":{"line":48,"column":0}},"48":{"start":{"line":49,"column":0},"end":{"line":49,"column":103}},"49":{"start":{"line":50,"column":0},"end":{"line":50,"column":10}},"50":{"start":{"line":51,"column":0},"end":{"line":51,"column":3}},"51":{"start":{"line":52,"column":0},"end":{"line":52,"column":0}},"52":{"start":{"line":53,"column":0},"end":{"line":53,"column":39}},"53":{"start":{"line":54,"column":0},"end":{"line":54,"column":49}},"54":{"start":{"line":55,"column":0},"end":{"line":55,"column":0}},"55":{"start":{"line":56,"column":0},"end":{"line":56,"column":62}},"56":{"start":{"line":57,"column":0},"end":{"line":57,"column":129}},"57":{"start":{"line":58,"column":0},"end":{"line":58,"column":3}},"58":{"start":{"line":59,"column":0},"end":{"line":59,"column":0}},"59":{"start":{"line":60,"column":0},"end":{"line":60,"column":50}},"60":{"start":{"line":61,"column":0},"end":{"line":61,"column":37}},"61":{"start":{"line":62,"column":0},"end":{"line":62,"column":39}},"62":{"start":{"line":63,"column":0},"end":{"line":63,"column":38}},"63":{"start":{"line":64,"column":0},"end":{"line":64,"column":56}},"64":{"start":{"line":65,"column":0},"end":{"line":65,"column":12}},"65":{"start":{"line":66,"column":0},"end":{"line":66,"column":5}},"66":{"start":{"line":67,"column":0},"end":{"line":67,"column":43}},"67":{"start":{"line":68,"column":0},"end":{"line":68,"column":28}},"68":{"start":{"line":69,"column":0},"end":{"line":69,"column":37}},"69":{"start":{"line":70,"column":0},"end":{"line":70,"column":9}},"70":{"start":{"line":71,"column":0},"end":{"line":71,"column":54}},"71":{"start":{"line":72,"column":0},"end":{"line":72,"column":20}},"72":{"start":{"line":73,"column":0},"end":{"line":73,"column":31}},"73":{"start":{"line":74,"column":0},"end":{"line":74,"column":123}},"74":{"start":{"line":75,"column":0},"end":{"line":75,"column":45}},"75":{"start":{"line":76,"column":0},"end":{"line":76,"column":14}},"76":{"start":{"line":77,"column":0},"end":{"line":77,"column":52}},"77":{"start":{"line":78,"column":0},"end":{"line":78,"column":7}},"78":{"start":{"line":79,"column":0},"end":{"line":79,"column":13}},"79":{"start":{"line":80,"column":0},"end":{"line":80,"column":46}},"80":{"start":{"line":81,"column":0},"end":{"line":81,"column":15}},"81":{"start":{"line":82,"column":0},"end":{"line":82,"column":31}},"82":{"start":{"line":83,"column":0},"end":{"line":83,"column":44}},"83":{"start":{"line":84,"column":0},"end":{"line":84,"column":5}},"84":{"start":{"line":85,"column":0},"end":{"line":85,"column":4}},"85":{"start":{"line":86,"column":0},"end":{"line":86,"column":0}},"86":{"start":{"line":87,"column":0},"end":{"line":87,"column":51}},"87":{"start":{"line":88,"column":0},"end":{"line":88,"column":80}},"88":{"start":{"line":89,"column":0},"end":{"line":89,"column":23}},"89":{"start":{"line":90,"column":0},"end":{"line":90,"column":42}},"90":{"start":{"line":91,"column":0},"end":{"line":91,"column":32}},"91":{"start":{"line":92,"column":0},"end":{"line":92,"column":29}},"92":{"start":{"line":93,"column":0},"end":{"line":93,"column":6}},"93":{"start":{"line":94,"column":0},"end":{"line":94,"column":52}},"94":{"start":{"line":95,"column":0},"end":{"line":95,"column":4}},"95":{"start":{"line":96,"column":0},"end":{"line":96,"column":0}},"96":{"start":{"line":97,"column":0},"end":{"line":97,"column":50}},"97":{"start":{"line":98,"column":0},"end":{"line":98,"column":37}},"98":{"start":{"line":99,"column":0},"end":{"line":99,"column":39}},"99":{"start":{"line":100,"column":0},"end":{"line":100,"column":20}},"100":{"start":{"line":101,"column":0},"end":{"line":101,"column":43}},"101":{"start":{"line":102,"column":0},"end":{"line":102,"column":80}},"102":{"start":{"line":103,"column":0},"end":{"line":103,"column":57}},"103":{"start":{"line":104,"column":0},"end":{"line":104,"column":4}},"104":{"start":{"line":105,"column":0},"end":{"line":105,"column":1}},"105":{"start":{"line":106,"column":0},"end":{"line":106,"column":0}},"106":{"start":{"line":107,"column":0},"end":{"line":107,"column":38}},"107":{"start":{"line":108,"column":0},"end":{"line":108,"column":55}},"108":{"start":{"line":109,"column":0},"end":{"line":109,"column":26}},"109":{"start":{"line":110,"column":0},"end":{"line":110,"column":4}},"110":{"start":{"line":111,"column":0},"end":{"line":111,"column":1}},"111":{"start":{"line":112,"column":0},"end":{"line":112,"column":0}},"112":{"start":{"line":113,"column":0},"end":{"line":113,"column":63}},"113":{"start":{"line":114,"column":0},"end":{"line":114,"column":36}},"114":{"start":{"line":115,"column":0},"end":{"line":115,"column":58}},"115":{"start":{"line":116,"column":0},"end":{"line":116,"column":0}},"116":{"start":{"line":117,"column":0},"end":{"line":117,"column":46}},"117":{"start":{"line":118,"column":0},"end":{"line":118,"column":33}},"118":{"start":{"line":119,"column":0},"end":{"line":119,"column":26}},"119":{"start":{"line":120,"column":0},"end":{"line":120,"column":64}},"120":{"start":{"line":121,"column":0},"end":{"line":121,"column":75}},"121":{"start":{"line":122,"column":0},"end":{"line":122,"column":39}},"122":{"start":{"line":123,"column":0},"end":{"line":123,"column":3}},"123":{"start":{"line":124,"column":0},"end":{"line":124,"column":0}},"124":{"start":{"line":125,"column":0},"end":{"line":125,"column":44}},"125":{"start":{"line":126,"column":0},"end":{"line":126,"column":24}},"126":{"start":{"line":127,"column":0},"end":{"line":127,"column":59}},"127":{"start":{"line":128,"column":0},"end":{"line":128,"column":72}},"128":{"start":{"line":129,"column":0},"end":{"line":129,"column":18}},"129":{"start":{"line":130,"column":0},"end":{"line":130,"column":3}},"130":{"start":{"line":131,"column":0},"end":{"line":131,"column":20}},"131":{"start":{"line":132,"column":0},"end":{"line":132,"column":86}},"132":{"start":{"line":133,"column":0},"end":{"line":133,"column":64}},"133":{"start":{"line":134,"column":0},"end":{"line":134,"column":48}},"134":{"start":{"line":135,"column":0},"end":{"line":135,"column":81}},"135":{"start":{"line":136,"column":0},"end":{"line":136,"column":163}},"136":{"start":{"line":137,"column":0},"end":{"line":137,"column":96}},"137":{"start":{"line":138,"column":0},"end":{"line":138,"column":3}},"138":{"start":{"line":139,"column":0},"end":{"line":139,"column":0}},"139":{"start":{"line":140,"column":0},"end":{"line":140,"column":49}},"140":{"start":{"line":141,"column":0},"end":{"line":141,"column":26}},"141":{"start":{"line":142,"column":0},"end":{"line":142,"column":71}},"142":{"start":{"line":143,"column":0},"end":{"line":143,"column":65}},"143":{"start":{"line":144,"column":0},"end":{"line":144,"column":48}},"144":{"start":{"line":145,"column":0},"end":{"line":145,"column":3}},"145":{"start":{"line":146,"column":0},"end":{"line":146,"column":27}},"146":{"start":{"line":147,"column":0},"end":{"line":147,"column":48}},"147":{"start":{"line":148,"column":0},"end":{"line":148,"column":0}},"148":{"start":{"line":149,"column":0},"end":{"line":149,"column":42}},"149":{"start":{"line":150,"column":0},"end":{"line":150,"column":73}},"150":{"start":{"line":151,"column":0},"end":{"line":151,"column":4}},"151":{"start":{"line":152,"column":0},"end":{"line":152,"column":0}},"152":{"start":{"line":153,"column":0},"end":{"line":153,"column":77}},"153":{"start":{"line":154,"column":0},"end":{"line":154,"column":73}},"154":{"start":{"line":155,"column":0},"end":{"line":155,"column":72}},"155":{"start":{"line":156,"column":0},"end":{"line":156,"column":85}},"156":{"start":{"line":157,"column":0},"end":{"line":157,"column":4}},"157":{"start":{"line":158,"column":0},"end":{"line":158,"column":0}},"158":{"start":{"line":159,"column":0},"end":{"line":159,"column":66}},"159":{"start":{"line":160,"column":0},"end":{"line":160,"column":85}},"160":{"start":{"line":161,"column":0},"end":{"line":161,"column":22}},"161":{"start":{"line":162,"column":0},"end":{"line":162,"column":33}},"162":{"start":{"line":163,"column":0},"end":{"line":163,"column":12}},"163":{"start":{"line":164,"column":0},"end":{"line":164,"column":4}},"164":{"start":{"line":165,"column":0},"end":{"line":165,"column":0}},"165":{"start":{"line":166,"column":0},"end":{"line":166,"column":26}},"166":{"start":{"line":167,"column":0},"end":{"line":167,"column":28}},"167":{"start":{"line":168,"column":0},"end":{"line":168,"column":35}},"168":{"start":{"line":169,"column":0},"end":{"line":169,"column":1}}},"s":{"0":1,"1":1,"2":1,"3":1,"4":1,"5":1,"6":1,"7":1,"8":1,"9":6,"10":6,"11":6,"12":6,"13":6,"14":1,"15":4,"16":4,"17":4,"18":1,"19":1,"20":3,"21":3,"22":1,"23":2,"24":2,"25":2,"26":0,"27":2,"28":2,"29":2,"30":1,"31":2,"32":2,"33":2,"34":2,"35":1,"36":1,"37":6,"38":6,"39":6,"40":6,"41":6,"42":6,"43":6,"44":6,"45":6,"46":6,"47":6,"48":6,"49":0,"50":0,"51":6,"52":6,"53":6,"54":6,"55":6,"56":0,"57":0,"58":6,"59":6,"60":3,"61":3,"62":3,"63":1,"64":1,"65":1,"66":2,"67":2,"68":2,"69":2,"70":2,"71":1,"72":1,"73":1,"74":1,"75":3,"76":0,"77":0,"78":3,"79":1,"80":3,"81":2,"82":2,"83":2,"84":6,"85":6,"86":6,"87":0,"88":0,"89":0,"90":0,"91":0,"92":0,"93":0,"94":6,"95":6,"96":6,"97":1,"98":1,"99":1,"100":1,"101":1,"102":1,"103":6,"104":6,"105":1,"106":1,"107":1,"108":0,"109":1,"110":1,"111":1,"112":1,"113":1,"114":1,"115":1,"116":1,"117":1,"118":1,"119":1,"120":1,"121":1,"122":1,"123":1,"124":1,"125":1,"126":1,"127":1,"128":1,"129":1,"130":1,"131":1,"132":1,"133":1,"134":1,"135":1,"136":1,"137":1,"138":1,"139":1,"140":1,"141":1,"142":1,"143":1,"144":1,"145":1,"146":1,"147":1,"148":1,"149":0,"150":1,"151":1,"152":1,"153":1,"154":0,"155":0,"156":1,"157":1,"158":1,"159":2,"160":2,"161":0,"162":2,"163":1,"164":1,"165":1,"166":1,"167":1,"168":1},"branchMap":{"0":{"type":"branch","line":10,"loc":{"start":{"line":10,"column":0},"end":{"line":14,"column":1}},"locations":[{"start":{"line":10,"column":0},"end":{"line":14,"column":1}}]},"1":{"type":"branch","line":11,"loc":{"start":{"line":11,"column":21},"end":{"line":13,"column":3}},"locations":[{"start":{"line":11,"column":21},"end":{"line":13,"column":3}}]},"2":{"type":"branch","line":12,"loc":{"start":{"line":12,"column":35},"end":{"line":12,"column":75}},"locations":[{"start":{"line":12,"column":35},"end":{"line":12,"column":75}}]},"3":{"type":"branch","line":16,"loc":{"start":{"line":16,"column":0},"end":{"line":18,"column":1}},"locations":[{"start":{"line":16,"column":0},"end":{"line":18,"column":1}}]},"4":{"type":"branch","line":17,"loc":{"start":{"line":17,"column":21},"end":{"line":17,"column":73}},"locations":[{"start":{"line":17,"column":21},"end":{"line":17,"column":73}}]},"5":{"type":"branch","line":20,"loc":{"start":{"line":20,"column":7},"end":{"line":22,"column":1}},"locations":[{"start":{"line":20,"column":7},"end":{"line":22,"column":1}}]},"6":{"type":"branch","line":21,"loc":{"start":{"line":21,"column":33},"end":{"line":21,"column":61}},"locations":[{"start":{"line":21,"column":33},"end":{"line":21,"column":61}}]},"7":{"type":"branch","line":24,"loc":{"start":{"line":24,"column":0},"end":{"line":35,"column":1}},"locations":[{"start":{"line":24,"column":0},"end":{"line":35,"column":1}}]},"8":{"type":"branch","line":26,"loc":{"start":{"line":26,"column":6},"end":{"line":27,"column":35}},"locations":[{"start":{"line":26,"column":6},"end":{"line":27,"column":35}}]},"9":{"type":"branch","line":29,"loc":{"start":{"line":29,"column":60},"end":{"line":30,"column":22}},"locations":[{"start":{"line":29,"column":60},"end":{"line":30,"column":22}}]},"10":{"type":"branch","line":30,"loc":{"start":{"line":30,"column":15},"end":{"line":30,"column":26}},"locations":[{"start":{"line":30,"column":15},"end":{"line":30,"column":26}}]},"11":{"type":"branch","line":30,"loc":{"start":{"line":30,"column":22},"end":{"line":32,"column":115}},"locations":[{"start":{"line":30,"column":22},"end":{"line":32,"column":115}}]},"12":{"type":"branch","line":32,"loc":{"start":{"line":32,"column":104},"end":{"line":32,"column":118}},"locations":[{"start":{"line":32,"column":104},"end":{"line":32,"column":118}}]},"13":{"type":"branch","line":33,"loc":{"start":{"line":33,"column":101},"end":{"line":33,"column":115}},"locations":[{"start":{"line":33,"column":101},"end":{"line":33,"column":115}}]},"14":{"type":"branch","line":33,"loc":{"start":{"line":33,"column":104},"end":{"line":33,"column":118}},"locations":[{"start":{"line":33,"column":104},"end":{"line":33,"column":118}}]},"15":{"type":"branch","line":32,"loc":{"start":{"line":32,"column":33},"end":{"line":32,"column":101}},"locations":[{"start":{"line":32,"column":33},"end":{"line":32,"column":101}}]},"16":{"type":"branch","line":33,"loc":{"start":{"line":33,"column":34},"end":{"line":33,"column":101}},"locations":[{"start":{"line":33,"column":34},"end":{"line":33,"column":101}}]},"17":{"type":"branch","line":38,"loc":{"start":{"line":38,"column":0},"end":{"line":105,"column":1}},"locations":[{"start":{"line":38,"column":0},"end":{"line":105,"column":1}}]},"18":{"type":"branch","line":49,"loc":{"start":{"line":49,"column":102},"end":{"line":51,"column":3}},"locations":[{"start":{"line":49,"column":102},"end":{"line":51,"column":3}}]},"19":{"type":"branch","line":53,"loc":{"start":{"line":53,"column":24},"end":{"line":53,"column":39}},"locations":[{"start":{"line":53,"column":24},"end":{"line":53,"column":39}}]},"20":{"type":"branch","line":54,"loc":{"start":{"line":54,"column":29},"end":{"line":54,"column":49}},"locations":[{"start":{"line":54,"column":29},"end":{"line":54,"column":49}}]},"21":{"type":"branch","line":56,"loc":{"start":{"line":56,"column":11},"end":{"line":56,"column":61}},"locations":[{"start":{"line":56,"column":11},"end":{"line":56,"column":61}}]},"22":{"type":"branch","line":56,"loc":{"start":{"line":56,"column":61},"end":{"line":58,"column":3}},"locations":[{"start":{"line":56,"column":61},"end":{"line":58,"column":3}}]},"23":{"type":"branch","line":60,"loc":{"start":{"line":60,"column":37},"end":{"line":85,"column":3}},"locations":[{"start":{"line":60,"column":37},"end":{"line":85,"column":3}}]},"24":{"type":"branch","line":63,"loc":{"start":{"line":63,"column":37},"end":{"line":66,"column":5}},"locations":[{"start":{"line":63,"column":37},"end":{"line":66,"column":5}}]},"25":{"type":"branch","line":66,"loc":{"start":{"line":66,"column":4},"end":{"line":71,"column":54}},"locations":[{"start":{"line":66,"column":4},"end":{"line":71,"column":54}}]},"26":{"type":"branch","line":71,"loc":{"start":{"line":71,"column":53},"end":{"line":76,"column":13}},"locations":[{"start":{"line":71,"column":53},"end":{"line":76,"column":13}}]},"27":{"type":"branch","line":76,"loc":{"start":{"line":76,"column":6},"end":{"line":78,"column":7}},"locations":[{"start":{"line":76,"column":6},"end":{"line":78,"column":7}}]},"28":{"type":"branch","line":79,"loc":{"start":{"line":79,"column":4},"end":{"line":81,"column":6}},"locations":[{"start":{"line":79,"column":4},"end":{"line":81,"column":6}}]},"29":{"type":"branch","line":81,"loc":{"start":{"line":81,"column":4},"end":{"line":84,"column":5}},"locations":[{"start":{"line":81,"column":4},"end":{"line":84,"column":5}}]},"30":{"type":"branch","line":97,"loc":{"start":{"line":97,"column":37},"end":{"line":104,"column":3}},"locations":[{"start":{"line":97,"column":37},"end":{"line":104,"column":3}}]},"31":{"type":"branch","line":100,"loc":{"start":{"line":100,"column":14},"end":{"line":100,"column":20}},"locations":[{"start":{"line":100,"column":14},"end":{"line":100,"column":20}}]},"32":{"type":"branch","line":114,"loc":{"start":{"line":114,"column":7},"end":{"line":169,"column":1}},"locations":[{"start":{"line":114,"column":7},"end":{"line":169,"column":1}}]},"33":{"type":"branch","line":115,"loc":{"start":{"line":115,"column":52},"end":{"line":115,"column":58}},"locations":[{"start":{"line":115,"column":52},"end":{"line":115,"column":58}}]},"34":{"type":"branch","line":159,"loc":{"start":{"line":159,"column":59},"end":{"line":164,"column":3}},"locations":[{"start":{"line":159,"column":59},"end":{"line":164,"column":3}}]}},"b":{"0":[6],"1":[6],"2":[6],"3":[4],"4":[4],"5":[3],"6":[2],"7":[2],"8":[0],"9":[1],"10":[0],"11":[1],"12":[0],"13":[1],"14":[0],"15":[1],"16":[2],"17":[6],"18":[0],"19":[5],"20":[5],"21":[0],"22":[0],"23":[3],"24":[1],"25":[2],"26":[1],"27":[0],"28":[1],"29":[2],"30":[1],"31":[0],"32":[1],"33":[0],"34":[2]},"fnMap":{"0":{"name":"load","decl":{"start":{"line":10,"column":0},"end":{"line":14,"column":1}},"loc":{"start":{"line":10,"column":0},"end":{"line":14,"column":1}},"line":10},"1":{"name":"save","decl":{"start":{"line":16,"column":0},"end":{"line":18,"column":1}},"loc":{"start":{"line":16,"column":0},"end":{"line":18,"column":1}},"line":16},"2":{"name":"isValidStellarAddress","decl":{"start":{"line":20,"column":7},"end":{"line":22,"column":1}},"loc":{"start":{"line":20,"column":7},"end":{"line":22,"column":1}},"line":20},"3":{"name":"fetchBalance","decl":{"start":{"line":24,"column":0},"end":{"line":35,"column":1}},"loc":{"start":{"line":24,"column":0},"end":{"line":35,"column":1}},"line":24},"4":{"name":"initializePopup","decl":{"start":{"line":38,"column":0},"end":{"line":105,"column":1}},"loc":{"start":{"line":38,"column":0},"end":{"line":105,"column":1}},"line":38},"5":{"name":"injectMoodWidget","decl":{"start":{"line":114,"column":7},"end":{"line":169,"column":1}},"loc":{"start":{"line":114,"column":7},"end":{"line":169,"column":1}},"line":114}},"f":{"0":6,"1":4,"2":3,"3":2,"4":6,"5":1}}
}
